Oct  1 07:48:00 kali systemd-logind[463]: New seat seat0.
Oct  1 07:48:00 kali systemd-logind[463]: Watching system buttons on /dev/input/event4 (Power Button)
Oct  1 07:48:00 kali systemd-logind[463]: Watching system buttons on /dev/input/event0 (AT Translated Set 2 keyboard)
Oct  1 07:48:01 kali gdm-launch-environment]: pam_unix(gdm-launch-environment:session): session opened for user Debian-gdm by (uid=0)
Oct  1 07:48:01 kali systemd: pam_unix(systemd-user:session): session opened for user Debian-gdm by (uid=0)
Oct  1 07:48:01 kali systemd-logind[463]: New session c1 of user Debian-gdm.
Oct  1 07:48:06 kali polkitd(authority=local): Registered Authentication Agent for unix-session:c1 (system bus name :1.17 [/usr/bin/gnome-shell], object path /org/freedesktop/PolicyKit1/AuthenticationAgent, locale en_BW.UTF-8)
Oct  1 07:48:07 kali realmd[840]: Loaded settings from: /usr/lib/realmd/realmd-defaults.conf /usr/lib/realmd/realmd-distro.conf
Oct  1 07:48:07 kali realmd[840]: holding daemon: startup
Oct  1 07:48:07 kali realmd[840]: starting service
Oct  1 07:48:07 kali realmd[840]: connected to bus
Oct  1 07:48:07 kali realmd[840]: released daemon: startup
Oct  1 07:48:07 kali realmd[840]: claimed name on bus: org.freedesktop.realmd
Oct  1 07:48:18 kali gdm-password]: pam_unix(gdm-password:auth): check pass; user unknown
Oct  1 07:48:18 kali gdm-password]: pam_unix(gdm-password:auth): authentication failure; logname= uid=0 euid=0 tty=/dev/tty1 ruser= rhost= 
Oct  1 07:48:23 kali gdm-password]: pam_unix(gdm-password:auth): check pass; user unknown
Oct  1 07:48:23 kali gdm-password]: pam_unix(gdm-password:auth): authentication failure; logname= uid=0 euid=0 tty=/dev/tty1 ruser= rhost= 
Oct  1 07:48:39 kali gdm-password]: pam_unix(gdm-password:session): session opened for user root by (uid=0)
Oct  1 07:48:39 kali systemd-logind[463]: New session 2 of user root.
Oct  1 07:48:39 kali systemd: pam_unix(systemd-user:session): session opened for user root by (uid=0)
Oct  1 07:48:42 kali polkitd(authority=local): Registered Authentication Agent for unix-session:2 (system bus name :1.68 [/usr/bin/gnome-shell], object path /org/freedesktop/PolicyKit1/AuthenticationAgent, locale en_BW.UTF-8)
Oct  1 07:49:08 kali realmd[840]: quitting realmd service after timeout
Oct  1 07:49:08 kali realmd[840]: stopping service
Oct  1 07:49:28 kali sudo:     root : TTY=pts/0 ; PWD=/root ; USER=root ; COMMAND=/usr/bin/apt-get update
Oct  1 07:49:28 kali sudo: pam_unix(sudo:session): session opened for user root by (uid=0)
Oct  1 07:49:33 kali sudo: pam_unix(sudo:session): session closed for user root
Oct  1 07:49:39 kali sudo:     root : TTY=pts/0 ; PWD=/root ; USER=root ; COMMAND=/usr/bin/apt-get upgrade
Oct  1 07:49:39 kali sudo: pam_unix(sudo:session): session opened for user root by (uid=0)
Oct  1 07:55:01 kali CRON[2087]: pam_unix(cron:session): session opened for user root by (uid=0)
Oct  1 07:55:01 kali CRON[2087]: pam_unix(cron:session): session closed for user root
Oct  1 07:55:14 kali sudo: pam_unix(sudo:session): session closed for user root
Oct  1 07:55:51 kali sudo:     root : TTY=pts/0 ; PWD=/root ; USER=root ; COMMAND=/usr/bin/python update
Oct  1 07:55:51 kali sudo: pam_unix(sudo:session): session opened for user root by (uid=0)
Oct  1 07:55:51 kali sudo: pam_unix(sudo:session): session closed for user root
Oct  1 07:56:47 kali sudo:     root : TTY=pts/0 ; PWD=/root ; USER=root ; COMMAND=/usr/bin/apt-get git
Oct  1 07:56:47 kali sudo: pam_unix(sudo:session): session opened for user root by (uid=0)
Oct  1 07:56:47 kali sudo: pam_unix(sudo:session): session closed for user root
Oct  1 07:59:51 kali su[2317]: Successful su for postgres by root
Oct  1 07:59:51 kali su[2317]: + ??? root:postgres
Oct  1 07:59:51 kali su[2317]: pam_unix(su:session): session opened for user postgres by (uid=0)
Oct  1 07:59:51 kali su[2317]: pam_systemd(su:session): Cannot create session: Already running in a session or user slice
Oct  1 07:59:51 kali su[2317]: pam_unix(su:session): session closed for user postgres
Oct  1 07:59:51 kali su[2339]: Successful su for postgres by root
Oct  1 07:59:51 kali su[2339]: + ??? root:postgres
Oct  1 07:59:51 kali su[2339]: pam_unix(su:session): session opened for user postgres by (uid=0)
Oct  1 07:59:51 kali su[2339]: pam_systemd(su:session): Cannot create session: Already running in a session or user slice
Oct  1 07:59:51 kali su[2339]: pam_unix(su:session): session closed for user postgres
Oct  1 07:59:51 kali su[2352]: Successful su for postgres by root
Oct  1 07:59:51 kali su[2352]: + /dev/pts/1 root:postgres
Oct  1 07:59:51 kali su[2352]: pam_unix(su:session): session opened for user postgres by (uid=0)
Oct  1 07:59:51 kali su[2352]: pam_systemd(su:session): Cannot create session: Already running in a session or user slice
Oct  1 07:59:51 kali su[2352]: pam_unix(su:session): session closed for user postgres
Oct  1 07:59:51 kali su[2370]: Successful su for postgres by root
Oct  1 07:59:51 kali su[2370]: + /dev/pts/1 root:postgres
Oct  1 07:59:51 kali su[2370]: pam_unix(su:session): session opened for user postgres by (uid=0)
Oct  1 07:59:51 kali su[2370]: pam_systemd(su:session): Cannot create session: Already running in a session or user slice
Oct  1 07:59:51 kali su[2370]: pam_unix(su:session): session closed for user postgres
Oct  1 07:59:51 kali su[2381]: Successful su for postgres by root
Oct  1 07:59:51 kali su[2381]: + /dev/pts/1 root:postgres
Oct  1 07:59:51 kali su[2381]: pam_unix(su:session): session opened for user postgres by (uid=0)
Oct  1 07:59:51 kali su[2381]: pam_systemd(su:session): Cannot create session: Already running in a session or user slice
Oct  1 07:59:51 kali su[2381]: pam_unix(su:session): session closed for user postgres
Oct  1 07:59:51 kali su[2399]: Successful su for postgres by root
Oct  1 07:59:51 kali su[2399]: + /dev/pts/1 root:postgres
Oct  1 07:59:51 kali su[2399]: pam_unix(su:session): session opened for user postgres by (uid=0)
Oct  1 07:59:51 kali su[2399]: pam_systemd(su:session): Cannot create session: Already running in a session or user slice
Oct  1 07:59:52 kali su[2399]: pam_unix(su:session): session closed for user postgres
Oct  1 08:05:01 kali CRON[3560]: pam_unix(cron:session): session opened for user root by (uid=0)
Oct  1 08:05:01 kali CRON[3560]: pam_unix(cron:session): session closed for user root
Oct  1 08:09:01 kali CRON[3754]: pam_unix(cron:session): session opened for user root by (uid=0)
Oct  1 08:09:01 kali CRON[3754]: pam_unix(cron:session): session closed for user root
Oct  1 08:15:01 kali CRON[3765]: pam_unix(cron:session): session opened for user root by (uid=0)
Oct  1 08:15:01 kali CRON[3765]: pam_unix(cron:session): session closed for user root
Oct  1 08:17:01 kali CRON[3784]: pam_unix(cron:session): session opened for user root by (uid=0)
Oct  1 08:17:01 kali CRON[3784]: pam_unix(cron:session): session closed for user root
Oct  1 08:25:01 kali CRON[3798]: pam_unix(cron:session): session opened for user root by (uid=0)
Oct  1 08:25:01 kali CRON[3798]: pam_unix(cron:session): session closed for user root
Oct  1 08:28:24 kali gnome-keyring-daemon[881]: couldn't initialize slot with master password: The password or PIN is incorrect
Oct  1 08:28:24 kali gdm-password]: gkr-pam: unlocked login keyring
Oct  1 08:35:01 kali CRON[3920]: pam_unix(cron:session): session opened for user root by (uid=0)
Oct  1 08:35:01 kali CRON[3920]: pam_unix(cron:session): session closed for user root
Oct  1 08:39:01 kali CRON[3928]: pam_unix(cron:session): session opened for user root by (uid=0)
Oct  1 08:39:01 kali CRON[3928]: pam_unix(cron:session): session closed for user root
Oct  1 08:45:01 kali CRON[3950]: pam_unix(cron:session): session opened for user root by (uid=0)
Oct  1 08:45:01 kali CRON[3950]: pam_unix(cron:session): session closed for user root
Oct  1 08:55:01 kali CRON[3978]: pam_unix(cron:session): session opened for user root by (uid=0)
Oct  1 08:55:01 kali CRON[3978]: pam_unix(cron:session): session closed for user root
Oct  1 09:05:01 kali CRON[4007]: pam_unix(cron:session): session opened for user root by (uid=0)
Oct  1 09:05:01 kali CRON[4007]: pam_unix(cron:session): session closed for user root
Oct  1 09:09:01 kali CRON[4016]: pam_unix(cron:session): session opened for user root by (uid=0)
Oct  1 09:09:01 kali CRON[4016]: pam_unix(cron:session): session closed for user root
Oct  1 09:14:25 kali gnome-keyring-daemon[881]: couldn't initialize slot with master password: The password or PIN is incorrect
Oct  1 09:14:25 kali gdm-password]: gkr-pam: unlocked login keyring
Oct  1 09:15:01 kali CRON[4073]: pam_unix(cron:session): session opened for user root by (uid=0)
Oct  1 09:15:01 kali CRON[4073]: pam_unix(cron:session): session closed for user root
Oct  1 09:17:01 kali CRON[4155]: pam_unix(cron:session): session opened for user root by (uid=0)
Oct  1 09:17:01 kali CRON[4155]: pam_unix(cron:session): session closed for user root
Oct  1 09:25:01 kali CRON[4235]: pam_unix(cron:session): session opened for user root by (uid=0)
Oct  1 09:25:01 kali CRON[4235]: pam_unix(cron:session): session closed for user root
Oct  1 09:35:01 kali CRON[4395]: pam_unix(cron:session): session opened for user root by (uid=0)
Oct  1 09:35:01 kali CRON[4395]: pam_unix(cron:session): session closed for user root
Oct  1 09:39:01 kali CRON[4458]: pam_unix(cron:session): session opened for user root by (uid=0)
Oct  1 09:39:01 kali CRON[4458]: pam_unix(cron:session): session closed for user root
Oct  1 09:45:01 kali CRON[4523]: pam_unix(cron:session): session opened for user root by (uid=0)
Oct  1 09:45:01 kali CRON[4523]: pam_unix(cron:session): session closed for user root
Oct  1 09:55:01 kali CRON[4930]: pam_unix(cron:session): session opened for user root by (uid=0)
Oct  1 09:55:01 kali CRON[4930]: pam_unix(cron:session): session closed for user root
Oct  1 10:05:01 kali CRON[5110]: pam_unix(cron:session): session opened for user root by (uid=0)
Oct  1 10:05:01 kali CRON[5110]: pam_unix(cron:session): session closed for user root
Oct  1 10:39:01 kali CRON[5162]: pam_unix(cron:session): session opened for user root by (uid=0)
Oct  1 10:39:01 kali CRON[5162]: pam_unix(cron:session): session closed for user root
Oct  1 10:45:01 kali CRON[5685]: pam_unix(cron:session): session opened for user root by (uid=0)
Oct  1 10:45:01 kali CRON[5685]: pam_unix(cron:session): session closed for user root
Oct  1 10:55:01 kali CRON[5810]: pam_unix(cron:session): session opened for user root by (uid=0)
Oct  1 10:55:01 kali CRON[5810]: pam_unix(cron:session): session closed for user root
Oct  1 11:05:01 kali CRON[6049]: pam_unix(cron:session): session opened for user root by (uid=0)
Oct  1 11:05:01 kali CRON[6049]: pam_unix(cron:session): session closed for user root
Oct  1 11:09:01 kali CRON[6071]: pam_unix(cron:session): session opened for user root by (uid=0)
Oct  1 11:09:01 kali CRON[6071]: pam_unix(cron:session): session closed for user root
Oct  1 11:15:01 kali CRON[6093]: pam_unix(cron:session): session opened for user root by (uid=0)
Oct  1 11:15:01 kali CRON[6093]: pam_unix(cron:session): session closed for user root
Oct  1 11:16:38 kali gdm-password]: pam_unix(gdm-password:auth): conversation failed
Oct  1 11:16:38 kali gdm-password]: pam_unix(gdm-password:auth): auth could not identify password for [root]
Oct  1 11:16:58 kali gnome-keyring-daemon[881]: couldn't initialize slot with master password: The password or PIN is incorrect
Oct  1 11:16:58 kali gdm-password]: gkr-pam: unlocked login keyring
Oct  1 11:17:01 kali CRON[6140]: pam_unix(cron:session): session opened for user root by (uid=0)
Oct  1 11:17:01 kali CRON[6140]: pam_unix(cron:session): session closed for user root
Oct  1 11:25:01 kali CRON[6292]: pam_unix(cron:session): session opened for user root by (uid=0)
Oct  1 11:25:01 kali CRON[6292]: pam_unix(cron:session): session closed for user root
Oct  1 11:35:01 kali CRON[10209]: pam_unix(cron:session): session opened for user root by (uid=0)
Oct  1 11:35:01 kali CRON[10209]: pam_unix(cron:session): session closed for user root
Oct  1 11:39:01 kali CRON[15160]: pam_unix(cron:session): session opened for user root by (uid=0)
Oct  1 11:39:01 kali CRON[15160]: pam_unix(cron:session): session closed for user root
Oct  1 11:45:01 kali CRON[15317]: pam_unix(cron:session): session opened for user root by (uid=0)
Oct  1 11:45:01 kali CRON[15317]: pam_unix(cron:session): session closed for user root
